app/build/outputs/mapping/release/seeds.txt
com.clibeats.data.local.entity.SongEntity
com.clibeats.data.local.dao.SongDao_Impl$2
com.clibeats.data.gateway.dto.GatewayAlbumDto
com.clibeats.data.local.dao.CacheIndexDao_Impl$3
com.clibeats.data.local.dao.QueueDao_Impl$4
com.clibeats.data.local.dao.PlaylistDao_Impl$9
com.clibeats.data.local.dao.CacheIndexDao_Impl$2
com.clibeats.data.gateway.dto.GatewaySearchResponse$$serializer
com.clibeats.data.local.dao.PlaylistDao_Impl$2
com.clibeats.data.gateway.api.GatewayApi
com.clibeats.data.gateway.dto.GatewayStreamDto$Companion
com.clibeats.data.local.CliBeatsDatabase
com.clibeats.data.gateway.dto.GatewayStreamResponse$$serializer
com.clibeats.data.local.dao.SongDao_Impl$10
com.clibeats.data.local.dao.PlaylistDao_Impl$6
com.clibeats.data.local.dao.PlaylistDao_Impl$5
com.clibeats.data.gateway.dto.GatewayTrackDto
com.clibeats.data.local.dao.CacheIndexDao_Impl$8
com.clibeats.data.local.dao.CacheIndexDao_Impl
com.clibeats.data.local.dao.SongDao_Impl$6
com.clibeats.data.gateway.dto.GatewayStreamRequest
com.clibeats.data.local.dao.SongDao_Impl$7
com.clibeats.data.gateway.dto.GatewayErrorResponse$Companion
com.clibeats.data.local.dao.HistoryDao_Impl$6
com.clibeats.data.gateway.dto.GatewayAlbumDto$$serializer
com.clibeats.data.local.dao.PlaylistDao_Impl$7
com.clibeats.data.gateway.dto.GatewayStreamResponse
com.clibeats.data.local.entity.QueueEntity
com.clibeats.data.gateway.dto.GatewaySearchResponse
com.clibeats.data.local.dao.QueueDao$replaceQueue$1
com.clibeats.data.local.dao.PlaylistDao_Impl$8
com.clibeats.data.gateway.dto.GatewayPlaylistDto$Companion
com.clibeats.data.gateway.dto.GatewayStreamDto$$serializer
com.clibeats.data.local.dao.SongDao_Impl$3
com.clibeats.data.local.dao.PlaylistDao_Impl
com.clibeats.data.local.dao.HistoryDao_Impl$3
com.clibeats.data.local.dao.QueueDao_Impl$5
com.clibeats.data.local.dao.HistoryDao_Impl
com.clibeats.data.local.dao.QueueDao_Impl$1
com.clibeats.data.gateway.dto.GatewaySearchResponse$Companion
com.clibeats.data.local.dao.CacheIndexDao_Impl$1
com.clibeats.data.local.dao.HistoryDao$DefaultImpls
com.clibeats.data.gateway.dto.GatewayTrackDto$$serializer
com.clibeats.data.local.dao.HistoryDao_Impl$8
com.clibeats.MainActivity_GeneratedInjector
com.clibeats.data.local.dao.QueueDao$DefaultImpls
com.clibeats.data.gateway.dto.GatewayArtistDto$Companion
com.clibeats.domain.model.Playlist
com.clibeats.data.local.dao.SongDao_Impl$8
com.clibeats.data.gateway.dto.GatewayErrorDto$Companion
com.clibeats.data.local.dao.QueueDao_Impl
com.clibeats.data.local.dao.QueueDao_Impl$3
com.clibeats.data.local.dao.PlaylistDao_Impl$10
com.clibeats.data.gateway.dto.GatewayTrackDto$Companion
com.clibeats.data.local.dao.QueueDao_Impl$6
com.clibeats.data.local.dao.PlaylistDao
com.clibeats.data.local.dao.SongDao_Impl$9
com.clibeats.data.gateway.dto.GatewayErrorResponse$$serializer
com.clibeats.CLIBeatsApp
com.clibeats.data.local.entity.PlaylistEntity
com.clibeats.data.local.dao.QueueDao
com.clibeats.data.gateway.dto.GatewayErrorDto
com.clibeats.data.gateway.dto.GatewayStreamResponse$Companion
com.clibeats.data.local.dao.PlaylistDao_Impl$3
com.clibeats.domain.model.PlaybackStatus
com.clibeats.data.local.dao.SongDao_Impl
com.clibeats.data.gateway.dto.GatewayStreamRequest$Companion
com.clibeats.data.local.dao.CacheIndexDao_Impl$9
com.clibeats.data.local.dao.PlaylistDao_Impl$4
com.clibeats.data.gateway.dto.GatewayPlaylistDto$$serializer
com.clibeats.data.local.dao.HistoryDao_Impl$7
com.clibeats.data.local.dao.SongDao_Impl$1
com.clibeats.CLIBeatsApp_GeneratedInjector
com.clibeats.data.local.dao.CacheIndexDao_Impl$6
com.clibeats.data.local.dao.CacheIndexDao_Impl$5
com.clibeats.data.gateway.dto.GatewayErrorResponse
com.clibeats.domain.model.RepeatMode
com.clibeats.data.gateway.dto.GatewayAlbumDto$Companion
com.clibeats.domain.model.Album
com.clibeats.data.local.dao.SongDao_Impl$5
com.clibeats.data.local.entity.PlaylistSongCrossRef
com.clibeats.data.local.dao.HistoryDao_Impl$1
com.clibeats.data.gateway.dto.GatewayArtistDto$$serializer
...
androidx.media3.exoplayer.image.BitmapFactoryImageDecoder$Factory: BitmapFactoryImageDecoder$Factory(androidx.media3.exoplayer.image.BitmapFactoryImageDecoder$BitmapDecoder)
androidx.media3.common.DrmInitData$SchemeData$1: java.lang.Object createFromParcel(android.os.Parcel)
androidx.media3.common.AudioAttributes$Builder: androidx.media3.common.AudioAttributes$Builder setFlags(int)
androidx.media3.session.MediaSessionImpl: void dispatchRemoteControllerTaskWithoutReturn(androidx.media3.session.MediaSessionImpl$RemoteControllerTask)
androidx.media3.exoplayer.source.DefaultMediaSourceFactory$DelegateFactoryLoader: void setDataSourceFactory(androidx.media3.datasource.DataSource$Factory)
androidx.media3.exoplayer.mediacodec.MediaCodecPerformancePointCoverageProvider$Api29: MediaCodecPerformancePointCoverageProvider$Api29()
androidx.media3.datasource.HttpDataSource$RequestProperties: HttpDataSource$RequestProperties()
androidx.media3.extractor.ts.TsExtractor: androidx.media3.extractor.ts.TsPayloadReader access$500(androidx.media3.extractor.ts.TsExtractor)
androidx.room.EntityInsertionAdapter: void insert(java.lang.Object)
androidx.media3.session.legacy.MediaSessionCompat$RegistrationCallback: void onCallbackUnregistered(int,int)
androidx.media3.exoplayer.ExoPlayerImpl: androidx.media3.exoplayer.analytics.AnalyticsCollector access$500(androidx.media3.exoplayer.ExoPlayerImpl)
androidx.media3.exoplayer.util.EventLogger: void onShuffleModeChanged(androidx.media3.exoplayer.analytics.AnalyticsListener$EventTime,boolean)
androidx.media3.session.legacy.MediaSessionCompat$MediaSessionImplApi21: void setFlags(int)
androidx.media3.session.PlayerWrapper: boolean hasPrevious()
androidx.media3.session.MediaBrowser$MediaBrowserImpl: com.google.common.util.concurrent.ListenableFuture subscribe(java.lang.String,androidx.media3.session.MediaLibraryService$LibraryParams)
androidx.media3.common.AdPlaybackState: androidx.media3.common.AdPlaybackState withAdDurationsUs(long[][])
androidx.media3.session.MediaControllerImplBase: void setVideoSurfaceHolder(android.view.SurfaceHolder)
androidx.media3.session.MediaStyleNotificationHelper$MediaStyle: void apply(androidx.core.app.NotificationBuilderWithBuilderAccessor)
androidx.media3.common.TrackSelectionParameters$AudioOffloadPreferences$Builder: boolean access$3300(androidx.media3.common.TrackSelectionParameters$AudioOffloadPreferences$Builder)
androidx.media3.exoplayer.audio.DefaultAudioSink: int getFormatSupport(androidx.media3.common.Format)
androidx.media3.exoplayer.upstream.experimental.SlidingWeightedAverageBandwidthStatistic: androidx.media3.exoplayer.upstream.experimental.SlidingWeightedAverageBandwidthStatistic$SampleEvictionFunction getAgeBasedEvictionFunction(long,androidx.media3.common.util.Clock)
androidx.media3.extractor.text.webvtt.WebvttCssParser: void skipWhitespaceAndComments(androidx.media3.common.util.ParsableByteArray)
androidx.media3.common.TrackSelectionParameters: java.lang.String access$400()
androidx.media3.extractor.ts.PesReader: PesReader(androidx.media3.extractor.ts.ElementaryStreamReader)
androidx.media3.extractor.mp3.XingSeeker: XingSeeker(long,int,long,int,long,long[])
androidx.media3.session.MediaControllerImplBase: void lambda$setAudioAttributes$68(androidx.media3.common.AudioAttributes,androidx.media3.common.Player$Listener)
androidx.media3.extractor.text.cea.Cea708Decoder: void handleSetPenAttributes()
androidx.media3.exoplayer.audio.AudioCapabilitiesReceiver: androidx.media3.exoplayer.audio.AudioDeviceInfoApi23 access$300(androidx.media3.exoplayer.audio.AudioCapabilitiesReceiver)
androidx.media3.exoplayer.drm.ExoMediaDrm$KeyStatus: int getStatusCode()
androidx.media3.exoplayer.PlayerMessage: androidx.media3.exoplayer.PlayerMessage setPosition(int,long)
androidx.media3.extractor.avi.AviExtractor: void alignInputToEvenPosition(androidx.media3.extractor.ExtractorInput)
androidx.media3.common.MediaItem$LocalConfiguration: android.os.Bundle toBundle()